0 info it worked if it ends with ok
1 verbose cli [ '/Users/godai/.anyenv/envs/ndenv/versions/v6.9.2/bin/node',
1 verbose cli   '/Users/godai/.anyenv/envs/ndenv/versions/v6.9.2/bin/npm',
1 verbose cli   'run',
1 verbose cli   'build:js' ]
2 info using npm@3.10.9
3 info using node@v6.9.2
4 verbose run-script [ 'prebuild:js', 'build:js', 'postbuild:js' ]
5 info lifecycle simple-wysiwyg@0.0.16~prebuild:js: simple-wysiwyg@0.0.16
6 silly lifecycle simple-wysiwyg@0.0.16~prebuild:js: no script for prebuild:js, continuing
7 info lifecycle simple-wysiwyg@0.0.16~build:js: simple-wysiwyg@0.0.16
8 verbose lifecycle simple-wysiwyg@0.0.16~build:js: unsafe-perm in lifecycle true
9 verbose lifecycle simple-wysiwyg@0.0.16~build:js: PATH: /Users/godai/.anyenv/envs/ndenv/versions/v6.9.2/lib/node_modules/npm/bin/node-gyp-bin:/Users/godai/projects/minieditor/node_modules/.bin:/Users/godai/.anyenv/envs/ndenv/versions/v6.9.2/lib/node_modules/npm/bin/node-gyp-bin:/Users/godai/projects/minieditor/node_modules/.bin:/Users/godai/.anyenv/envs/ndenv/versions/v6.9.2/lib/node_modules/npm/bin/node-gyp-bin:/Users/godai/projects/minieditor/node_modules/.bin:/Users/godai/.anyenv/envs/ndenv/versions/v6.9.2/bin:/Users/godai/.anyenv/envs/ndenv/libexec:/Users/godai/.anyenv/envs/ndenv/plugins/node-build/bin:/Users/godai/.anyenv/envs/ndenv/bin:/Users/godai/.anyenv/bin:/usr/local/bin:/usr/bin:/bin:/usr/sbin:/sbin:/Users/godai/.anyenv/envs/ndenv/shims:/Users/godai/.anyenv/envs/ndenv/bin:/Users/godai/.anyenv/bin
10 verbose lifecycle simple-wysiwyg@0.0.16~build:js: CWD: /Users/godai/projects/minieditor
11 silly lifecycle simple-wysiwyg@0.0.16~build:js: Args: [ '-c', 'npm-run-all -p build:lib build:jquery build:global' ]
12 silly lifecycle simple-wysiwyg@0.0.16~build:js: Returned: code: 1  signal: null
13 info lifecycle simple-wysiwyg@0.0.16~build:js: Failed to exec build:js script
14 verbose stack Error: simple-wysiwyg@0.0.16 build:js: `npm-run-all -p build:lib build:jquery build:global`
14 verbose stack Exit status 1
14 verbose stack     at EventEmitter.<anonymous> (/Users/godai/.anyenv/envs/ndenv/versions/v6.9.2/lib/node_modules/npm/lib/utils/lifecycle.js:255:16)
14 verbose stack     at emitTwo (events.js:106:13)
14 verbose stack     at EventEmitter.emit (events.js:191:7)
14 verbose stack     at ChildProcess.<anonymous> (/Users/godai/.anyenv/envs/ndenv/versions/v6.9.2/lib/node_modules/npm/lib/utils/spawn.js:40:14)
14 verbose stack     at emitTwo (events.js:106:13)
14 verbose stack     at ChildProcess.emit (events.js:191:7)
14 verbose stack     at maybeClose (internal/child_process.js:877:16)
14 verbose stack     at Process.ChildProcess._handle.onexit (internal/child_process.js:226:5)
15 verbose pkgid simple-wysiwyg@0.0.16
16 verbose cwd /Users/godai/projects/minieditor
17 error Darwin 16.6.0
18 error argv "/Users/godai/.anyenv/envs/ndenv/versions/v6.9.2/bin/node" "/Users/godai/.anyenv/envs/ndenv/versions/v6.9.2/bin/npm" "run" "build:js"
19 error node v6.9.2
20 error npm  v3.10.9
21 error code ELIFECYCLE
22 error simple-wysiwyg@0.0.16 build:js: `npm-run-all -p build:lib build:jquery build:global`
22 error Exit status 1
23 error Failed at the simple-wysiwyg@0.0.16 build:js script 'npm-run-all -p build:lib build:jquery build:global'.
23 error Make sure you have the latest version of node.js and npm installed.
23 error If you do, this is most likely a problem with the simple-wysiwyg package,
23 error not with npm itself.
23 error Tell the author that this fails on your system:
23 error     npm-run-all -p build:lib build:jquery build:global
23 error You can get information on how to open an issue for this project with:
23 error     npm bugs simple-wysiwyg
23 error Or if that isn't available, you can get their info via:
23 error     npm owner ls simple-wysiwyg
23 error There is likely additional logging output above.
24 verbose exit [ 1, true ]
